<?xml version="1.0" encoding="UTF-8"?>
<!-- Generated by org.testng.reporters.JUnitReportReporter -->
<testsuite hostname="DESKTOP-VC6BKA3" failures="0" tests="1" name="tESTng.DEMO" time="0.034" errors="0" timestamp="2024-03-07T20:22:04 IST" skipped="0">
  <testcase classname="tESTng.DEMO" name="run" time="0.034"/>
  <system-out>
test  </system-out>
</testsuite> <!-- tESTng.DEMO -->
