<?xml version="1.0" encoding="UTF-8"?>
<!-- Generated by org.testng.reporters.JUnitReportReporter -->
<testsuite hostname="DESKTOP-VC6BKA3" failures="0" tests="3" name="tESTng.thread_size" time="64.670" errors="0" timestamp="2024-03-08T19:47:50 IST" skipped="0">
  <testcase classname="tESTng.thread_size" name="browser" time="17.455"/>
  <system-out/>
  <testcase classname="tESTng.thread_size" name="browser" time="23.607"/>
  <system-out/>
  <testcase classname="tESTng.thread_size" name="browser" time="23.608"/>
  <system-out/>
</testsuite> <!-- tESTng.thread_size -->
