<?xml version="1.0" encoding="UTF-8"?>
<!-- Generated by org.testng.reporters.JUnitReportReporter -->
<testsuite hostname="DESKTOP-VC6BKA3" failures="0" tests="1" name="learningpom.TestScript01" time="4.382" errors="0" timestamp="2024-03-19T21:01:34 IST" skipped="0">
  <testcase classname="learningpom.TestScript01" name="text" time="4.382"/>
  <system-out/>
</testsuite> <!-- learningpom.TestScript01 -->
