<?xml version="1.0" encoding="UTF-8"?>
<!-- Generated by org.testng.reporters.JUnitReportReporter -->
<testsuite hostname="DESKTOP-VC6BKA3" failures="0" tests="3" name="tESTng.invocationcount" time="9.563" errors="0" timestamp="2024-03-07T20:33:21 IST" skipped="0">
  <testcase classname="tESTng.invocationcount" name="multipletimelaunch" time="1.855"/>
  <system-out/>
  <testcase classname="tESTng.invocationcount" name="multipletimelaunch" time="4.614"/>
  <system-out/>
  <testcase classname="tESTng.invocationcount" name="multipletimelaunch" time="3.094"/>
  <system-out/>
</testsuite> <!-- tESTng.invocationcount -->
