<?xml version="1.0" encoding="UTF-8"?>
<!-- Generated by org.testng.reporters.JUnitReportReporter -->
<testsuite hostname="DESKTOP-VC6BKA3" failures="0" tests="1" name="distributedparallel_execution.swiggy" time="42.660" errors="0" timestamp="2024-03-11T20:29:16 IST" skipped="0">
  <testcase classname="distributedparallel_execution.swiggy" name="swiggy_open" time="42.660"/>
  <system-out/>
</testsuite> <!-- distributedparallel_execution.swiggy -->
