<?xml version="1.0" encoding="UTF-8"?>
<!-- Generated by org.testng.reporters.JUnitReportReporter -->
<testsuite hostname="DESKTOP-VC6BKA3" failures="0" tests="1" name="tESTng.timeout" time="23.007" errors="0" timestamp="2024-03-08T21:16:55 IST" skipped="0">
  <testcase classname="tESTng.timeout" name="launch" time="23.007"/>
  <system-out/>
</testsuite> <!-- tESTng.timeout -->
