<?xml version="1.0" encoding="UTF-8"?>
<!-- Generated by org.testng.reporters.JUnitReportReporter -->
<testsuite hostname="DESKTOP-VC6BKA3" failures="0" tests="1" name="Batch_execution.amazon_browser" time="22.735" errors="0" timestamp="2024-03-09T20:30:55 IST" skipped="0">
  <testcase classname="Batch_execution.amazon_browser" name="launch_amazon" time="22.735"/>
  <system-out/>
</testsuite> <!-- Batch_execution.amazon_browser -->
