<?xml version="1.0" encoding="UTF-8"?>
<!-- Generated by org.testng.reporters.JUnitReportReporter -->
<testsuite hostname="DESKTOP-VC6BKA3" failures="0" tests="2" name="tESTng.enable_false" time="19.444" errors="0" timestamp="2024-03-08T19:59:14 IST" skipped="1">
  <testcase classname="tESTng.enable_false" name="dontlaunch" time="19.444"/>
  <system-out/>
  <testcase classname="tESTng.enable_false" name="launch">
    <skipped/>
  </testcase> <!-- launch -->
  <system-out/>
</testsuite> <!-- tESTng.enable_false -->
