<?xml version="1.0" encoding="UTF-8"?>
<!-- Generated by org.testng.reporters.JUnitReportReporter -->
<testsuite hostname="DESKTOP-VC6BKA3" failures="0" tests="1" name="tESTng.imp_test" time="0.034" errors="0" timestamp="2024-03-09T19:43:00 IST" skipped="0">
  <testcase classname="tESTng.imp_test" name="one" time="0.034"/>
  <system-out>
Test anotation  </system-out>
</testsuite> <!-- tESTng.imp_test -->
