<?xml version="1.0" encoding="UTF-8"?>
<!-- Generated by org.testng.reporters.JUnitReportReporter -->
<testsuite hostname="DESKTOP-VC6BKA3" failures="0" tests="1" name="Group_execution.Myntra" time="44.421" errors="0" timestamp="2024-03-11T19:39:57 IST" skipped="0">
  <testcase classname="Group_execution.Myntra" name="launch_myntra" time="44.421"/>
  <system-out/>
</testsuite> <!-- Group_execution.Myntra -->
