<?xml version="1.0" encoding="UTF-8"?>
<!-- Generated by org.testng.reporters.JUnitReportReporter -->
<testsuite hostname="DESKTOP-VC6BKA3" failures="0" tests="1" name="distributedparallel_execution.amazon" time="61.148" errors="0" timestamp="2024-03-11T20:29:16 IST" skipped="0">
  <testcase classname="distributedparallel_execution.amazon" name="amazon_open" time="61.148"/>
  <system-out/>
</testsuite> <!-- distributedparallel_execution.amazon -->
