<?xml version="1.0" encoding="UTF-8"?>
<!-- Generated by org.testng.reporters.JUnitReportReporter -->
<testsuite hostname="DESKTOP-VC6BKA3" failures="0" tests="1" name="Group_execution.flipkart" time="51.508" errors="0" timestamp="2024-03-11T19:39:57 IST" skipped="0">
  <testcase classname="Group_execution.flipkart" name="flipkart_open" time="51.508"/>
  <system-out/>
</testsuite> <!-- Group_execution.flipkart -->
