<?xml version="1.0" encoding="UTF-8"?>
<!-- Generated by org.testng.reporters.JUnitReportReporter -->
<testsuite hostname="DESKTOP-VC6BKA3" failures="0" tests="1" name="softAssert.asserts_soft" time="15.490" errors="0" timestamp="2024-03-16T18:59:28 IST" skipped="0">
  <testcase classname="softAssert.asserts_soft" name="demo" time="15.490"/>
  <system-out/>
</testsuite> <!-- softAssert.asserts_soft -->
