<?xml version="1.0" encoding="UTF-8"?>
<!-- Generated by org.testng.reporters.JUnitReportReporter -->
<testsuite hostname="DESKTOP-VC6BKA3" failures="0" tests="2" name="tESTng.priority_test" time="15.626" errors="0" timestamp="2024-03-07T22:05:10 IST" skipped="0">
  <testcase classname="tESTng.priority_test" name="OpenBrowser" time="15.623"/>
  <system-out/>
  <testcase classname="tESTng.priority_test" name="enterUser" time="0.003"/>
  <system-out/>
</testsuite> <!-- tESTng.priority_test -->
