<?xml version="1.0" encoding="UTF-8"?>
<!-- Generated by org.testng.reporters.JUnitReportReporter -->
<testsuite hostname="DESKTOP-VC6BKA3" failures="0" tests="2" name="Data_driven.fetchdata_demo" time="0.044" errors="0" timestamp="2024-03-12T19:55:16 IST" skipped="0">
  <testcase classname="Data_driven.fetchdata_demo" name="demo" time="0.041"/>
  <system-out/>
  <testcase classname="Data_driven.fetchdata_demo" name="demo" time="0.003"/>
  <system-out/>
</testsuite> <!-- Data_driven.fetchdata_demo -->
